<?xml version="1.0" encoding="UTF-8"?>
<!-- Generated by org.testng.reporters.JUnitReportReporter -->
<testsuite skipped="0" hostname="DESKTOP-KRVQJFM" name="com.crm.qa.testcases.LoginPageTest" tests="2" failures="0" timestamp="2020-03-23T13:14:32 IST" time="62.973" errors="0">
  <testcase name="loginPageTitleTest" time="21.511" classname="com.crm.qa.testcases.LoginPageTest"/>
  <testcase name="loginTest" time="41.462" classname="com.crm.qa.testcases.LoginPageTest"/>
</testsuite> <!-- com.crm.qa.testcases.LoginPageTest -->
