<?xml version="1.0" encoding="UTF-8"?>
<!-- Generated by org.testng.reporters.JUnitReportReporter -->
<testsuite hostname="DESKTOP-KRVQJFM" name="com.crm.qa.testcases.ShoppingCartTest" tests="2" failures="0" timestamp="2 Jan 2020 05:58:42 GMT" time="111.344" errors="0">
  <testcase name="verifyShoppingcartPageTest" time="51.959" classname="com.crm.qa.testcases.ShoppingCartTest"/>
  <testcase name="verifyShoppingcartLabel" time="59.385" classname="com.crm.qa.testcases.ShoppingCartTest"/>
</testsuite> <!-- com.crm.qa.testcases.ShoppingCartTest -->
