<?xml version="1.0" encoding="UTF-8"?>
<!-- Generated by org.testng.reporters.JUnitReportReporter -->
<testsuite hostname="DESKTOP-KRVQJFM" name="com.crm.qa.testcases.ShoppingCartTest" tests="2" failures="0" timestamp="30 Dec 2019 03:20:10 GMT" time="84.642" errors="0">
  <testcase name="verifyShoppingcartPageTest" time="42.369" classname="com.crm.qa.testcases.ShoppingCartTest"/>
  <testcase name="verifyShoppingcartLabel" time="42.273" classname="com.crm.qa.testcases.ShoppingCartTest"/>
</testsuite> <!-- com.crm.qa.testcases.ShoppingCartTest -->
