<?xml version="1.0" encoding="UTF-8"?>
<!-- Generated by org.testng.reporters.JUnitReportReporter -->
<testsuite hostname="DESKTOP-KRVQJFM" name="com.crm.qa.testcases.LoginPageTest" tests="2" failures="0" timestamp="31 Dec 2019 15:15:52 GMT" time="79.127" errors="0">
  <testcase name="loginPageTitleTest" time="44.741" classname="com.crm.qa.testcases.LoginPageTest"/>
  <testcase name="loginTest" time="34.386" classname="com.crm.qa.testcases.LoginPageTest"/>
</testsuite> <!-- com.crm.qa.testcases.LoginPageTest -->
