<?xml version="1.0" encoding="UTF-8"?>
<!-- Generated by org.testng.reporters.JUnitReportReporter -->
<testsuite skipped="0" hostname="DESKTOP-KRVQJFM" name="com.crm.qa.testcases.LoginPageTest" tests="2" failures="0" timestamp="2020-01-21T05:50:09 IST" time="47.342" errors="0">
  <testcase name="loginPageTitleTest" time="19.902" classname="com.crm.qa.testcases.LoginPageTest"/>
  <testcase name="loginTest" time="27.440" classname="com.crm.qa.testcases.LoginPageTest"/>
</testsuite> <!-- com.crm.qa.testcases.LoginPageTest -->
