<?xml version="1.0" encoding="UTF-8"?>
<!-- Generated by org.testng.reporters.JUnitReportReporter -->
<testsuite skipped="0" hostname="DESKTOP-KRVQJFM" name="com.crm.qa.testcases.LoginPageTest" tests="2" failures="0" timestamp="2020-01-21T05:24:00 IST" time="46.830" errors="0">
  <testcase name="loginPageTitleTest" time="19.318" classname="com.crm.qa.testcases.LoginPageTest"/>
  <testcase name="loginTest" time="27.512" classname="com.crm.qa.testcases.LoginPageTest"/>
</testsuite> <!-- com.crm.qa.testcases.LoginPageTest -->
