<?xml version="1.0" encoding="UTF-8"?>
<!-- Generated by org.testng.reporters.JUnitReportReporter -->
<testsuite hostname="DESKTOP-KRVQJFM" name="com.crm.qa.testcases.LoginPageTest_N" tests="2" failures="0" timestamp="17 Dec 2019 09:39:24 GMT" time="33.870" errors="0">
  <testcase name="loginTest" time="17.719" classname="com.crm.qa.testcases.LoginPageTest_N"/>
  <testcase name="loginPageTitleTest" time="16.151" classname="com.crm.qa.testcases.LoginPageTest_N"/>
</testsuite> <!-- com.crm.qa.testcases.LoginPageTest_N -->
