<?xml version="1.0" encoding="UTF-8"?>
<!-- Generated by org.testng.reporters.JUnitReportReporter -->
<testsuite hostname="DESKTOP-KRVQJFM" name="com.crm.qa.testcases.LoginPageTest" tests="2" failures="0" timestamp="2 Jan 2020 06:33:12 GMT" time="49.109" errors="0">
  <testcase name="loginPageTitleTest" time="19.590" classname="com.crm.qa.testcases.LoginPageTest"/>
  <testcase name="loginTest" time="29.519" classname="com.crm.qa.testcases.LoginPageTest"/>
</testsuite> <!-- com.crm.qa.testcases.LoginPageTest -->
