<?xml version="1.0" encoding="UTF-8"?>
<!-- Generated by org.testng.reporters.JUnitReportReporter -->
<testsuite skipped="0" hostname="DESKTOP-KRVQJFM" name="com.crm.qa.testcases.LoginPageTest" tests="2" failures="0" timestamp="2020-02-03T10:43:14 IST" time="41.522" errors="0">
  <testcase name="loginPageTitleTest" time="14.622" classname="com.crm.qa.testcases.LoginPageTest"/>
  <testcase name="loginTest" time="26.900" classname="com.crm.qa.testcases.LoginPageTest"/>
</testsuite> <!-- com.crm.qa.testcases.LoginPageTest -->
