<?xml version="1.0" encoding="UTF-8"?>
<!-- Generated by org.testng.reporters.JUnitReportReporter -->
<testsuite hostname="DESKTOP-KRVQJFM" name="com.crm.qa.testcases.HomePageTest" tests="1" failures="0" timestamp="2 Jan 2020 07:12:32 GMT" time="44.737" errors="0">
  <testcase name="verifyHomePageTitleTest" time="44.737" classname="com.crm.qa.testcases.HomePageTest"/>
</testsuite> <!-- com.crm.qa.testcases.HomePageTest -->
