<?xml version="1.0" encoding="UTF-8"?>
<!-- Generated by org.testng.reporters.JUnitReportReporter -->
<testsuite skipped="0" hostname="DESKTOP-KRVQJFM" name="com.crm.qa.testcases.LoginPageTest" tests="2" failures="0" timestamp="2020-02-01T16:11:19 IST" time="94.930" errors="0">
  <testcase name="loginPageTitleTest" time="27.907" classname="com.crm.qa.testcases.LoginPageTest"/>
  <testcase name="loginTest" time="67.023" classname="com.crm.qa.testcases.LoginPageTest"/>
</testsuite> <!-- com.crm.qa.testcases.LoginPageTest -->
