<?xml version="1.0" encoding="UTF-8"?>
<!-- Generated by org.testng.reporters.JUnitReportReporter -->
<testsuite skipped="0" hostname="DESKTOP-KRVQJFM" name="com.crm.qa.testcases.LoginPageTest" tests="2" failures="0" timestamp="2020-01-24T10:37:56 IST" time="62.103" errors="0">
  <testcase name="loginPageTitleTest" time="16.597" classname="com.crm.qa.testcases.LoginPageTest"/>
  <testcase name="loginTest" time="45.506" classname="com.crm.qa.testcases.LoginPageTest"/>
</testsuite> <!-- com.crm.qa.testcases.LoginPageTest -->
