<?xml version="1.0" encoding="UTF-8"?>
<!-- Generated by org.testng.reporters.JUnitReportReporter -->
<testsuite skipped="0" hostname="DESKTOP-KRVQJFM" name="com.crm.qa.testcases.LoginPageTest" tests="2" failures="0" timestamp="2020-02-02T19:23:02 IST" time="42.304" errors="0">
  <testcase name="loginPageTitleTest" time="17.795" classname="com.crm.qa.testcases.LoginPageTest"/>
  <testcase name="loginTest" time="24.509" classname="com.crm.qa.testcases.LoginPageTest"/>
</testsuite> <!-- com.crm.qa.testcases.LoginPageTest -->
