<?xml version="1.0" encoding="UTF-8"?>
<!-- Generated by org.testng.reporters.JUnitReportReporter -->
<testsuite skipped="0" hostname="DESKTOP-KRVQJFM" name="com.crm.qa.testcases.LoginPageTest" tests="2" failures="0" timestamp="2020-02-03T05:31:04 IST" time="40.216" errors="0">
  <testcase name="loginPageTitleTest" time="17.134" classname="com.crm.qa.testcases.LoginPageTest"/>
  <testcase name="loginTest" time="23.082" classname="com.crm.qa.testcases.LoginPageTest"/>
</testsuite> <!-- com.crm.qa.testcases.LoginPageTest -->
