<?xml version="1.0" encoding="UTF-8"?>
<!-- Generated by org.testng.reporters.JUnitReportReporter -->
<testsuite skipped="0" hostname="DESKTOP-KRVQJFM" name="com.crm.qa.testcases.LoginPageTest" tests="2" failures="0" timestamp="2020-02-03T15:02:53 IST" time="33.197" errors="0">
  <testcase name="loginPageTitleTest" time="13.447" classname="com.crm.qa.testcases.LoginPageTest"/>
  <testcase name="loginTest" time="19.750" classname="com.crm.qa.testcases.LoginPageTest"/>
</testsuite> <!-- com.crm.qa.testcases.LoginPageTest -->
