<?xml version="1.0" encoding="UTF-8"?>
<!-- Generated by org.testng.reporters.JUnitReportReporter -->
<testsuite hostname="DESKTOP-KRVQJFM" name="com.crm.qa.testcases.LoginPageTest" tests="2" failures="0" timestamp="2 Jan 2020 07:12:32 GMT" time="41.891" errors="0">
  <testcase name="loginPageTitleTest" time="18.511" classname="com.crm.qa.testcases.LoginPageTest"/>
  <testcase name="loginTest" time="23.380" classname="com.crm.qa.testcases.LoginPageTest"/>
</testsuite> <!-- com.crm.qa.testcases.LoginPageTest -->
