<?xml version="1.0" encoding="UTF-8"?>
<!-- Generated by org.testng.reporters.JUnitReportReporter -->
<testsuite skipped="0" hostname="DESKTOP-KRVQJFM" name="com.crm.qa.testcases.LoginPageTest" tests="2" failures="0" timestamp="2020-01-28T05:12:42 IST" time="44.796" errors="0">
  <testcase name="loginPageTitleTest" time="19.019" classname="com.crm.qa.testcases.LoginPageTest"/>
  <testcase name="loginTest" time="25.777" classname="com.crm.qa.testcases.LoginPageTest"/>
</testsuite> <!-- com.crm.qa.testcases.LoginPageTest -->
