<?xml version="1.0" encoding="UTF-8"?>
<!-- Generated by org.testng.reporters.JUnitReportReporter -->
<testsuite hostname="DESKTOP-KRVQJFM" name="com.crm.qa.testcases.LoginPageTest" tests="2" failures="0" timestamp="2 Jan 2020 07:18:24 GMT" time="49.676" errors="0">
  <testcase name="loginPageTitleTest" time="21.278" classname="com.crm.qa.testcases.LoginPageTest"/>
  <testcase name="loginTest" time="28.398" classname="com.crm.qa.testcases.LoginPageTest"/>
</testsuite> <!-- com.crm.qa.testcases.LoginPageTest -->
