<?xml version="1.0" encoding="UTF-8"?>
<!-- Generated by org.testng.reporters.JUnitReportReporter -->
<testsuite skipped="0" hostname="DESKTOP-KRVQJFM" name="com.crm.qa.testcases.LoginPageTest" tests="2" failures="0" timestamp="2020-02-02T19:10:16 IST" time="43.237" errors="0">
  <testcase name="loginPageTitleTest" time="17.885" classname="com.crm.qa.testcases.LoginPageTest"/>
  <testcase name="loginTest" time="25.352" classname="com.crm.qa.testcases.LoginPageTest"/>
</testsuite> <!-- com.crm.qa.testcases.LoginPageTest -->
