<?xml version="1.0" encoding="UTF-8"?>
<!-- Generated by org.testng.reporters.JUnitReportReporter -->
<testsuite hostname="DESKTOP-KRVQJFM" name="com.crm.qa.testcases.LoginPageTest" tests="2" failures="0" timestamp="2 Jan 2020 06:25:40 GMT" time="54.762" errors="0">
  <testcase name="loginTest" time="33.345" classname="com.crm.qa.testcases.LoginPageTest"/>
  <testcase name="loginPageTitleTest" time="21.417" classname="com.crm.qa.testcases.LoginPageTest"/>
</testsuite> <!-- com.crm.qa.testcases.LoginPageTest -->
