<?xml version="1.0" encoding="UTF-8"?>
<!-- Generated by org.testng.reporters.JUnitReportReporter -->
<testsuite skipped="0" hostname="DESKTOP-KRVQJFM" name="com.crm.qa.testcases.LoginPageTest" tests="2" failures="0" timestamp="2020-02-03T13:40:57 IST" time="34.867" errors="0">
  <testcase name="loginPageTitleTest" time="13.675" classname="com.crm.qa.testcases.LoginPageTest"/>
  <testcase name="loginTest" time="21.192" classname="com.crm.qa.testcases.LoginPageTest"/>
</testsuite> <!-- com.crm.qa.testcases.LoginPageTest -->
