<?xml version="1.0" encoding="UTF-8"?>
<!-- Generated by org.testng.reporters.JUnitReportReporter -->
<testsuite skipped="0" hostname="DESKTOP-KRVQJFM" name="com.crm.qa.testcases.LoginPageTest" tests="2" failures="0" timestamp="2020-01-23T15:04:33 IST" time="40.440" errors="0">
  <testcase name="loginPageTitleTest" time="15.843" classname="com.crm.qa.testcases.LoginPageTest"/>
  <testcase name="loginTest" time="24.597" classname="com.crm.qa.testcases.LoginPageTest"/>
</testsuite> <!-- com.crm.qa.testcases.LoginPageTest -->
