<?xml version="1.0" encoding="UTF-8"?>
<!-- Generated by org.testng.reporters.JUnitReportReporter -->
<testsuite skipped="0" hostname="DESKTOP-KRVQJFM" name="com.crm.qa.testcases.LoginPageTest" tests="2" failures="0" timestamp="2020-03-23T13:21:35 IST" time="49.961" errors="0">
  <testcase name="loginPageTitleTest" time="25.652" classname="com.crm.qa.testcases.LoginPageTest"/>
  <testcase name="loginTest" time="24.309" classname="com.crm.qa.testcases.LoginPageTest"/>
</testsuite> <!-- com.crm.qa.testcases.LoginPageTest -->
