<?xml version="1.0" encoding="UTF-8"?>
<!-- Generated by org.testng.reporters.JUnitReportReporter -->
<testsuite skipped="0" hostname="DESKTOP-KRVQJFM" name="com.crm.qa.testcases.LoginPageTest" tests="2" failures="0" timestamp="2020-01-24T05:59:18 IST" time="60.572" errors="0">
  <testcase name="loginPageTitleTest" time="21.240" classname="com.crm.qa.testcases.LoginPageTest"/>
  <testcase name="loginTest" time="39.332" classname="com.crm.qa.testcases.LoginPageTest"/>
</testsuite> <!-- com.crm.qa.testcases.LoginPageTest -->
