<?xml version="1.0" encoding="UTF-8"?>
<!-- Generated by org.testng.reporters.JUnitReportReporter -->
<testsuite skipped="0" hostname="DESKTOP-KRVQJFM" name="com.crm.qa.testcases.LoginPageTest" tests="2" failures="0" timestamp="2020-01-28T04:44:53 IST" time="63.080" errors="0">
  <testcase name="loginPageTitleTest" time="27.339" classname="com.crm.qa.testcases.LoginPageTest"/>
  <testcase name="loginTest" time="35.741" classname="com.crm.qa.testcases.LoginPageTest"/>
</testsuite> <!-- com.crm.qa.testcases.LoginPageTest -->
