<?xml version="1.0" encoding="UTF-8"?>
<!-- Generated by org.testng.reporters.JUnitReportReporter -->
<testsuite hostname="DESKTOP-KRVQJFM" name="com.crm.qa.testcases.ShoppingCartTest" tests="2" failures="0" timestamp="2 Jan 2020 06:25:40 GMT" time="105.939" errors="0">
  <testcase name="verifyShoppingcartLabel" time="50.058" classname="com.crm.qa.testcases.ShoppingCartTest"/>
  <testcase name="verifyShoppingcartPageTest" time="55.881" classname="com.crm.qa.testcases.ShoppingCartTest"/>
</testsuite> <!-- com.crm.qa.testcases.ShoppingCartTest -->
